<?xml version="1.0" encoding="UTF-8"?>
<testng-results ignored="0" total="1" passed="1" failed="0" skipped="0">
  <reporter-output>
  </reporter-output>
  <suite started-at="2026-05-25T15:18:30 IST" name="Default suite" finished-at="2026-05-25T15:18:59 IST" duration-ms="28788">
    <groups>
    </groups>
    <test started-at="2026-05-25T15:18:30 IST" name="Default test" finished-at="2026-05-25T15:18:59 IST" duration-ms="28788">
      <class name="com.cleartrip.tests.CleartripTest">
        <test-method is-config="true" signature="setup()[pri:0, instance:com.cleartrip.tests.CleartripTest@22555ebf]" started-at="2026-05-25T15:18:30 IST" name="setup" finished-at="2026-05-25T15:18:40 IST" duration-ms="9488" status="PASS">
          <reporter-output>
          </reporter-output>
        </test-method> <!-- setup -->
        <test-method signature="cleartripTest()[pri:0, instance:com.cleartrip.tests.CleartripTest@22555ebf]" started-at="2026-05-25T15:18:40 IST" name="cleartripTest" finished-at="2026-05-25T15:18:52 IST" duration-ms="12051" status="PASS">
          <reporter-output>
          </reporter-output>
        </test-method> <!-- cleartripTest -->
        <test-method is-config="true" signature="tearDown()[pri:0, instance:com.cleartrip.tests.CleartripTest@22555ebf]" started-at="2026-05-25T15:18:52 IST" name="tearDown" finished-at="2026-05-25T15:18:59 IST" duration-ms="7180" status="PASS">
          <reporter-output>
          </reporter-output>
        </test-method> <!-- tearDown -->
      </class> <!-- com.cleartrip.tests.CleartripTest -->
    </test> <!-- Default test -->
  </suite> <!-- Default suite -->
</testng-results>
